[2014-05-01 17:33:03] __rvm_package_extract
__rvm_package_extract () 
{ 
    rvm_debug __rvm_package_extract:$#: "$@";
    typeset __tempdir __path __file __return;
    __return=0;
    __tempdir="$( TMPDIR="${rvm_tmp_path}" mktemp -d -t rvm-tmp.XXXXXXXXX )";
    __rvm_package_extract_run "$1" "$__tempdir" || __return=$?;
    if (( __return == 0 )); then
        for __path in "$__tempdir"/*;
        do
            __file="${__path##*/}";
            if [[ -n "${__file}" && -e "$2/${__file}" ]]; then
                \rm -rf "$2/${__file}" || __return=$?;
            fi;
            \mv -f "${__path}" "$2/" || __return=$?;
        done;
    fi;
    if [[ -n "$__tempdir" ]]; then
        \rm -rf "$__tempdir";
    fi;
    return $__return
}
current path: /home/sparks/.rvm/src/ruby-2.0.0-p451
GEM_HOME=/home/sparks/.rvm/gems/ruby-2.1.1
PATH=/home/sparks/.rvm/gems/ruby-2.1.1/bin:/home/sparks/.rvm/gems/ruby-2.1.1@global/bin:/home/sparks/.rvm/rubies/ruby-2.1.1/bin:/usr/local/sbin:/usr/local/bin:/usr/sbin:/usr/bin:/sbin:/bin:/usr/games:/usr/local/games:/home/sparks/.rvm/bin
GEM_PATH=/home/sparks/.rvm/gems/ruby-2.1.1:/home/sparks/.rvm/gems/ruby-2.1.1@global
command(3): __rvm_package_extract /home/sparks/.rvm/archives/rubygems-2.2.2.tgz /home/sparks/.rvm/src
++ rvm_debug __rvm_package_extract:2: /home/sparks/.rvm/archives/rubygems-2.2.2.tgz /home/sparks/.rvm/src
++ ((  0  ))
++ return 0
++ typeset __tempdir __path __file __return
++ __return=0
+++ TMPDIR=/home/sparks/.rvm/tmp
+++ mktemp -d -t rvm-tmp.XXXXXXXXX
++ __tempdir=/home/sparks/.rvm/tmp/rvm-tmp.HAZBf3RPs
++ __rvm_package_extract_run /home/sparks/.rvm/archives/rubygems-2.2.2.tgz /home/sparks/.rvm/tmp/rvm-tmp.HAZBf3RPs
++ [[ -d /home/sparks/.rvm/tmp/rvm-tmp.HAZBf3RPs ]]
++ case "$1" in
++ [[ -n '' ]]
++ __rvm_tar xzf /home/sparks/.rvm/archives/rubygems-2.2.2.tgz -C /home/sparks/.rvm/tmp/rvm-tmp.HAZBf3RPs --no-same-owner
++ tar xzf /home/sparks/.rvm/archives/rubygems-2.2.2.tgz -C /home/sparks/.rvm/tmp/rvm-tmp.HAZBf3RPs --no-same-owner
++ __rvm_fix_group_permissions /home/sparks/.rvm/tmp/rvm-tmp.HAZBf3RPs/rubygems-2.2.2
++ umask -S
++ __rvm_grep g=rw
++ GREP_OPTIONS=
++ grep g=rw
++ chmod -R g+rwX /home/sparks/.rvm/tmp/rvm-tmp.HAZBf3RPs/rubygems-2.2.2
++ ((  __return == 0  ))
++ for __path in '"$__tempdir"/*'
++ __file=rubygems-2.2.2
++ [[ -n rubygems-2.2.2 ]]
++ [[ -e /home/sparks/.rvm/src/rubygems-2.2.2 ]]
++ mv -f /home/sparks/.rvm/tmp/rvm-tmp.HAZBf3RPs/rubygems-2.2.2 /home/sparks/.rvm/src/
++ [[ -n /home/sparks/.rvm/tmp/rvm-tmp.HAZBf3RPs ]]
++ rm -rf /home/sparks/.rvm/tmp/rvm-tmp.HAZBf3RPs
++ return 0
