[2014-05-01 16:26:13] gemset_import_list
gemset_import_list () 
{ 
    typeset line;
    for line in "$@";
    do
        gem_install $line || rvm_error "there was an error installing gem $line";
    done
}
current path: /home/sparks/.rvm/src/ruby-2.1.1
GEM_HOME=/home/sparks/.rvm/gems/ruby-2.1.1@global
PATH=/home/sparks/.rvm/gems/ruby-2.1.1@global/bin:/home/sparks/.rvm/rubies/ruby-2.1.1/bin:/home/sparks/.rvm/bin:/usr/local/sbin:/usr/local/bin:/usr/sbin:/usr/bin:/sbin:/bin:/usr/games:/usr/local/games
GEM_PATH=/home/sparks/.rvm/gems/ruby-2.1.1@global
command(6): gemset_import_list gem-wrappers rubygems-bundler bundler rake rvm
++ /scripts/functions/gemset : gemset_import_list()  227 > typeset line
++ /scripts/functions/gemset : gemset_import_list()  228 > for line in '"$@"'
++ /scripts/functions/gemset : gemset_import_list()  229 > gem_install gem-wrappers
++ /scripts/functions/gemset : gem_install()  137 > typeset gem_name gem_version version_check
++ /scripts/functions/gemset : gem_install()  139 > gem_version=
++ /scripts/functions/gemset : gem_install()  140 > __rvm_parse_gems_args gem-wrappers
++ /scripts/functions/gemset : __rvm_parse_gems_args()  94 > typeset gem=gem-wrappers
++ /scripts/functions/gemset : __rvm_parse_gems_args()  96 > __rvm_string_match gem-wrappers '*.gem$'
++ /scripts/functions/support : __rvm_string_match()  32 > typeset _string
++ /scripts/functions/support : __rvm_string_match()  33 > _string=gem-wrappers
++ /scripts/functions/support : __rvm_string_match()  34 > shift
++ /scripts/functions/support : __rvm_string_match()  35 > ((  1  ))
++ /scripts/functions/support : __rvm_string_match()  37 > case "${_string}" in
++ /scripts/functions/support : __rvm_string_match()  40 > shift
++ /scripts/functions/support : __rvm_string_match()  35 > ((  0  ))
++ /scripts/functions/support : __rvm_string_match()  42 > return 1
++ /scripts/functions/gemset : __rvm_parse_gems_args()  101 > gem_name=gem-wrappers
++ /scripts/functions/gemset : __rvm_parse_gems_args()  102 > case "$gem" in
++ /scripts/functions/gemset : gem_install()  142 > [[ -z '' ]]
++ /scripts/functions/gemset : gem_install()  143 > __rvm_db gem_gem-wrappers_version gem_version
++ /scripts/functions/db : __rvm_db()  7 > typeset value key variable
++ /scripts/functions/db : __rvm_db()  8 > key=gem_gem-wrappers_version
++ /scripts/functions/db : __rvm_db()  9 > key=gem_gem-wrappers_version
++ /scripts/functions/db : __rvm_db()  10 > variable=gem_version
++ /scripts/functions/db : __rvm_db()  12 > [[ -f /home/sparks/.rvm/user/db ]]
+++ /scripts/functions/db : __rvm_db()  13 > __rvm_db_ /home/sparks/.rvm/user/db gem_gem-wrappers_version
+++ /scripts/functions/db : __rvm_db_()  57 > typeset __db __key __value
+++ /scripts/functions/db : __rvm_db_()  58 > __db=/home/sparks/.rvm/user/db
+++ /scripts/functions/db : __rvm_db_()  59 > __key=gem_gem-wrappers_version
+++ /scripts/functions/db : __rvm_db_()  60 > shift 2
+++ /scripts/functions/db : __rvm_db_()  61 > __value=
+++ /scripts/functions/db : __rvm_db_()  62 > case "${__value}" in
+++ /scripts/functions/db : __rvm_db_()  67 > __rvm_db_get /home/sparks/.rvm/user/db gem_gem-wrappers_version
+++ /scripts/functions/db : __rvm_db_get()  49 > [[ -f /home/sparks/.rvm/user/db ]]
+++ /scripts/functions/db : __rvm_db_get()  50 > __rvm_sed -e 's#^gem_gem-wrappers_version=##' -e '/^$/d'
+++ /scripts/functions/support : __rvm_sed()  251 > sed -e 's#^gem_gem-wrappers_version=##' -e '/^$/d'
+++ /scripts/functions/db : __rvm_db_get()  50 > __rvm_grep '^gem_gem-wrappers_version=' /home/sparks/.rvm/user/db
+++ /scripts/functions/support : __rvm_grep()  233 > GREP_OPTIONS=
+++ /scripts/functions/support : __rvm_grep()  233 > grep '^gem_gem-wrappers_version=' /home/sparks/.rvm/user/db
+++ /scripts/functions/support : __rvm_grep()  233 > return 1
++ /scripts/functions/db : __rvm_db()  13 > value=
++ /scripts/functions/db : __rvm_db()  15 > [[ -z '' ]]
++ /scripts/functions/db : __rvm_db()  15 > [[ -f /home/sparks/.rvm/config/db ]]
+++ /scripts/functions/db : __rvm_db()  16 > __rvm_db_ /home/sparks/.rvm/config/db gem_gem-wrappers_version
+++ /scripts/functions/db : __rvm_db_()  57 > typeset __db __key __value
+++ /scripts/functions/db : __rvm_db_()  58 > __db=/home/sparks/.rvm/config/db
+++ /scripts/functions/db : __rvm_db_()  59 > __key=gem_gem-wrappers_version
+++ /scripts/functions/db : __rvm_db_()  60 > shift 2
+++ /scripts/functions/db : __rvm_db_()  61 > __value=
+++ /scripts/functions/db : __rvm_db_()  62 > case "${__value}" in
+++ /scripts/functions/db : __rvm_db_()  67 > __rvm_db_get /home/sparks/.rvm/config/db gem_gem-wrappers_version
+++ /scripts/functions/db : __rvm_db_get()  49 > [[ -f /home/sparks/.rvm/config/db ]]
+++ /scripts/functions/db : __rvm_db_get()  50 > __rvm_sed -e 's#^gem_gem-wrappers_version=##' -e '/^$/d'
+++ /scripts/functions/support : __rvm_sed()  251 > sed -e 's#^gem_gem-wrappers_version=##' -e '/^$/d'
+++ /scripts/functions/db : __rvm_db_get()  50 > __rvm_grep '^gem_gem-wrappers_version=' /home/sparks/.rvm/config/db
+++ /scripts/functions/support : __rvm_grep()  233 > GREP_OPTIONS=
+++ /scripts/functions/support : __rvm_grep()  233 > grep '^gem_gem-wrappers_version=' /home/sparks/.rvm/config/db
++ /scripts/functions/db : __rvm_db()  16 > value='>=1.2.4'
++ /scripts/functions/db : __rvm_db()  18 > [[ -n >=1.2.4 ]]
++ /scripts/functions/db : __rvm_db()  19 > [[ -n gem_version ]]
++ /scripts/functions/db : __rvm_db()  20 > eval 'gem_version='\''>=1.2.4'\'''
+++ /scripts/functions/db : __rvm_db()  20 > gem_version='>=1.2.4'
++ /scripts/functions/db : __rvm_db()  23 > true
++ /scripts/functions/gemset : gem_install()  147 > ((  0 == 0  ))
++ /scripts/functions/gemset : gem_install()  147 > is_gem_installed
++ /scripts/functions/gemset : is_gem_installed()  119 > typeset gem_spec
++ /scripts/functions/gemset : is_gem_installed()  120 > gem_spec='gem '\''gem-wrappers'\'''
++ /scripts/functions/gemset : is_gem_installed()  122 > [[ -n >=1.2.4 ]]
++ /scripts/functions/gemset : is_gem_installed()  124 > gem_spec+=', '\''>=1.2.4'\'''
++ /scripts/functions/gemset : is_gem_installed()  125 > version_check=1.2.4
++ /scripts/functions/gemset : is_gem_installed()  129 > ls -ld /home/sparks/.rvm/gems/ruby-2.1.1@global/gems/gem-wrappers-1.2.4
++ /scripts/functions/gemset : is_gem_installed()  130 > /home/sparks/.rvm/rubies/ruby-2.1.1/bin/ruby -rrubygems -e 'gem '\''gem-wrappers'\'', '\''>=1.2.4'\'''
++ /scripts/functions/gemset : is_gem_installed()  131 > return 1
++ /scripts/functions/gemset : gem_install()  152 > gem_install_force
++ /scripts/functions/gemset : gem_install_force()  159 > typeset __available_gem
++ /scripts/functions/gemset : gem_install_force()  160 > typeset -a install_params
++ /scripts/functions/gemset : gem_install_force()  162 > install_params=()
+++ /scripts/functions/gemset : gem_install_force()  163 > ls -v1 /home/sparks/.rvm/gem-cache/gem-wrappers-1.2.4.gem
+++ /scripts/functions/gemset : gem_install_force()  163 > tail -n 1
++ /scripts/functions/gemset : gem_install_force()  163 > __available_gem=/home/sparks/.rvm/gem-cache/gem-wrappers-1.2.4.gem
++ /scripts/functions/gemset : gem_install_force()  165 > [[ -n /home/sparks/.rvm/gem-cache/gem-wrappers-1.2.4.gem ]]
++ /scripts/functions/gemset : gem_install_force()  166 > install_params+=(--local)
++ /scripts/functions/gemset : gem_install_force()  171 > install_params+=(--no-ri --no-rdoc $rvm_gem_options)
++ /scripts/functions/gemset : gem_install_force()  174 > __rvm_log_command 'gem.install.gem-wrappers->=1.2.4' 'installing gem /home/sparks/.rvm/gem-cache/gem-wrappers-1.2.4.gem --local --no-ri --no-rdoc' gem install /home/sparks/.rvm/gem-cache/gem-wrappers-1.2.4.gem --local --no-ri --no-rdoc
++ /scripts/functions/utility_logging : __rvm_log_command()  46 > typeset name message _command_start _command_name
++ /scripts/functions/utility_logging : __rvm_log_command()  47 > typeset -a _command
++ /scripts/functions/utility_logging : __rvm_log_command()  49 > name='gem.install.gem-wrappers->=1.2.4'
++ /scripts/functions/utility_logging : __rvm_log_command()  50 > message='installing gem /home/sparks/.rvm/gem-cache/gem-wrappers-1.2.4.gem --local --no-ri --no-rdoc'
++ /scripts/functions/utility_logging : __rvm_log_command()  51 > shift 2
++ /scripts/functions/utility_logging : __rvm_log_command()  52 > _command=("$@")
++ /scripts/functions/utility_logging : __rvm_log_command()  53 > _command_start=gem
++ /scripts/functions/utility_logging : __rvm_log_command()  54 > ((  6  ))
++ /scripts/functions/utility_logging : __rvm_log_command()  54 > [[ gem =~ = ]]
++ /scripts/functions/utility_logging : __rvm_log_command()  57 > _command_name=gem
++ /scripts/functions/utility_logging : __rvm_log_command()  59 > [[ ! gem =~ = ]]
++ /scripts/functions/utility_logging : __rvm_log_command()  60 > __function_on_stack __rvm_log_command_internal
++ /scripts/functions/support : __function_on_stack()  394 > __rvm_string_includes '__function_on_stack __rvm_log_command gem_install_force gem_install gemset_import_list __rvm_log_dotted __rvm_log_command_internal __rvm_log_command gemset_import gemset_initial __rvm_with gemset_create __rvm_initial_gemsets_create_without_rubygems __rvm_initial_gemsets_create __rvm_install_source ruby_install __rvm_install_ruby __rvm_manage_rubies source __rvm_run_wrapper __rvm_cli_install_ruby rvm main' __rvm_log_command_internal
++ /scripts/functions/support : __rvm_string_includes()  381 > typeset __search '__text=__function_on_stack __rvm_log_command gem_install_force gem_install gemset_import_list __rvm_log_dotted __rvm_log_command_internal __rvm_log_command gemset_import gemset_initial __rvm_with gemset_create __rvm_initial_gemsets_create_without_rubygems __rvm_initial_gemsets_create __rvm_install_source ruby_install __rvm_install_ruby __rvm_manage_rubies source __rvm_run_wrapper __rvm_cli_install_ruby rvm main'
++ /scripts/functions/support : __rvm_string_includes()  382 > shift
++ /scripts/functions/support : __rvm_string_includes()  383 > for __search in '"$@"'
++ /scripts/functions/support : __rvm_string_includes()  385 > [[  __function_on_stack __rvm_log_command gem_install_force gem_install gemset_import_list __rvm_log_dotted __rvm_log_command_internal __rvm_log_command gemset_import gemset_initial __rvm_with gemset_create __rvm_initial_gemsets_create_without_rubygems __rvm_initial_gemsets_create __rvm_install_source ruby_install __rvm_install_ruby __rvm_manage_rubies source __rvm_run_wrapper __rvm_cli_install_ruby rvm main  =~  __rvm_log_command_internal  ]]
++ /scripts/functions/support : __rvm_string_includes()  386 > return 0
++ /scripts/functions/utility_logging : __rvm_log_command()  61 > __rvm_log_command_simple gem install /home/sparks/.rvm/gem-cache/gem-wrappers-1.2.4.gem --local --no-ri --no-rdoc
++ /scripts/functions/utility_logging : __rvm_log_command_simple()  81 > __rvm_log_command_debug
+++ /scripts/functions/utility_logging : __rvm_log_command_debug()  69 > __rvm_date '+%Y-%m-%d %H:%M:%S'
+++ /scripts/functions/support : __rvm_date()  251 > date '+%Y-%m-%d %H:%M:%S'
++ /scripts/functions/utility_logging : __rvm_log_command_debug()  69 > printf %b '[2014-05-01 16:26:13] gem\n'
[2014-05-01 16:26:13] gem
++ /scripts/functions/utility_logging : __rvm_log_command_debug()  70 > is_a_function gem
++ /scripts/functions/support : is_a_function()  5 > typeset -f gem
++ /scripts/functions/support : is_a_function()  5 > return 1
++ /scripts/functions/utility_logging : __rvm_log_command_debug()  73 > printf %b 'current path: /home/sparks/.rvm/src/ruby-2.1.1\n'
current path: /home/sparks/.rvm/src/ruby-2.1.1
++ /scripts/functions/utility_logging : __rvm_log_command_debug()  74 > env
++ /scripts/functions/utility_logging : __rvm_log_command_debug()  74 > grep -E '^GEM_HOME=|^GEM_PATH=|^PATH='
GEM_HOME=/home/sparks/.rvm/gems/ruby-2.1.1@global
PATH=/home/sparks/.rvm/gems/ruby-2.1.1@global/bin:/home/sparks/.rvm/rubies/ruby-2.1.1/bin:/home/sparks/.rvm/bin:/usr/local/sbin:/usr/local/bin:/usr/sbin:/usr/bin:/sbin:/bin:/usr/games:/usr/local/games
GEM_PATH=/home/sparks/.rvm/gems/ruby-2.1.1@global
++ /scripts/functions/utility_logging : __rvm_log_command_debug()  75 > printf %b 'command(6): gem install /home/sparks/.rvm/gem-cache/gem-wrappers-1.2.4.gem --local --no-ri --no-rdoc\n'
command(6): gem install /home/sparks/.rvm/gem-cache/gem-wrappers-1.2.4.gem --local --no-ri --no-rdoc
++ /scripts/functions/utility_logging : __rvm_log_command_simple()  82 > rvm_log 'installing gem /home/sparks/.rvm/gem-cache/gem-wrappers-1.2.4.gem --local --no-ri --no-rdoc'
++ /scripts/functions/logging : rvm_log()  161 > rvm_pretty_print stdout
++ /scripts/functions/logging : rvm_pretty_print()  73 > case "${rvm_pretty_print_flag:=auto}" in
++ /scripts/functions/logging : rvm_pretty_print()  78 > case "${TERM:-dumb}" in
++ /scripts/functions/logging : rvm_pretty_print()  81 > case "$1" in
++ /scripts/functions/logging : rvm_pretty_print()  82 > [[ -t 1 ]]
++ /scripts/functions/logging : rvm_pretty_print()  82 > return 1
++ /scripts/functions/logging : rvm_log()  163 > printf %b 'installing gem /home/sparks/.rvm/gem-cache/gem-wrappers-1.2.4.gem --local --no-ri --no-rdoc\n'
installing gem /home/sparks/.rvm/gem-cache/gem-wrappers-1.2.4.gem --local --no-ri --no-rdoc
++ /scripts/functions/utility_logging : __rvm_log_command_simple()  83 > gem install /home/sparks/.rvm/gem-cache/gem-wrappers-1.2.4.gem --local --no-ri --no-rdoc
Building native extensions.  This could take a while...
Successfully installed gem-wrappers-1.2.4
1 gem installed
++ /scripts/functions/gemset : gem_install()  154 > true
++ /scripts/functions/gemset : gemset_import_list()  228 > for line in '"$@"'
++ /scripts/functions/gemset : gemset_import_list()  229 > gem_install rubygems-bundler
++ /scripts/functions/gemset : gem_install()  137 > typeset gem_name gem_version version_check
++ /scripts/functions/gemset : gem_install()  139 > gem_version=
++ /scripts/functions/gemset : gem_install()  140 > __rvm_parse_gems_args rubygems-bundler
++ /scripts/functions/gemset : __rvm_parse_gems_args()  94 > typeset gem=rubygems-bundler
++ /scripts/functions/gemset : __rvm_parse_gems_args()  96 > __rvm_string_match rubygems-bundler '*.gem$'
++ /scripts/functions/support : __rvm_string_match()  32 > typeset _string
++ /scripts/functions/support : __rvm_string_match()  33 > _string=rubygems-bundler
++ /scripts/functions/support : __rvm_string_match()  34 > shift
++ /scripts/functions/support : __rvm_string_match()  35 > ((  1  ))
++ /scripts/functions/support : __rvm_string_match()  37 > case "${_string}" in
++ /scripts/functions/support : __rvm_string_match()  40 > shift
++ /scripts/functions/support : __rvm_string_match()  35 > ((  0  ))
++ /scripts/functions/support : __rvm_string_match()  42 > return 1
++ /scripts/functions/gemset : __rvm_parse_gems_args()  101 > gem_name=rubygems-bundler
++ /scripts/functions/gemset : __rvm_parse_gems_args()  102 > case "$gem" in
++ /scripts/functions/gemset : gem_install()  142 > [[ -z '' ]]
++ /scripts/functions/gemset : gem_install()  143 > __rvm_db gem_rubygems-bundler_version gem_version
++ /scripts/functions/db : __rvm_db()  7 > typeset value key variable
++ /scripts/functions/db : __rvm_db()  8 > key=gem_rubygems-bundler_version
++ /scripts/functions/db : __rvm_db()  9 > key=gem_rubygems-bundler_version
++ /scripts/functions/db : __rvm_db()  10 > variable=gem_version
++ /scripts/functions/db : __rvm_db()  12 > [[ -f /home/sparks/.rvm/user/db ]]
+++ /scripts/functions/db : __rvm_db()  13 > __rvm_db_ /home/sparks/.rvm/user/db gem_rubygems-bundler_version
+++ /scripts/functions/db : __rvm_db_()  57 > typeset __db __key __value
+++ /scripts/functions/db : __rvm_db_()  58 > __db=/home/sparks/.rvm/user/db
+++ /scripts/functions/db : __rvm_db_()  59 > __key=gem_rubygems-bundler_version
+++ /scripts/functions/db : __rvm_db_()  60 > shift 2
+++ /scripts/functions/db : __rvm_db_()  61 > __value=
+++ /scripts/functions/db : __rvm_db_()  62 > case "${__value}" in
+++ /scripts/functions/db : __rvm_db_()  67 > __rvm_db_get /home/sparks/.rvm/user/db gem_rubygems-bundler_version
+++ /scripts/functions/db : __rvm_db_get()  49 > [[ -f /home/sparks/.rvm/user/db ]]
+++ /scripts/functions/db : __rvm_db_get()  50 > __rvm_grep '^gem_rubygems-bundler_version=' /home/sparks/.rvm/user/db
+++ /scripts/functions/db : __rvm_db_get()  50 > __rvm_sed -e 's#^gem_rubygems-bundler_version=##' -e '/^$/d'
+++ /scripts/functions/support : __rvm_sed()  251 > sed -e 's#^gem_rubygems-bundler_version=##' -e '/^$/d'
+++ /scripts/functions/support : __rvm_grep()  233 > GREP_OPTIONS=
+++ /scripts/functions/support : __rvm_grep()  233 > grep '^gem_rubygems-bundler_version=' /home/sparks/.rvm/user/db
+++ /scripts/functions/support : __rvm_grep()  233 > return 1
++ /scripts/functions/db : __rvm_db()  13 > value=
++ /scripts/functions/db : __rvm_db()  15 > [[ -z '' ]]
++ /scripts/functions/db : __rvm_db()  15 > [[ -f /home/sparks/.rvm/config/db ]]
+++ /scripts/functions/db : __rvm_db()  16 > __rvm_db_ /home/sparks/.rvm/config/db gem_rubygems-bundler_version
+++ /scripts/functions/db : __rvm_db_()  57 > typeset __db __key __value
+++ /scripts/functions/db : __rvm_db_()  58 > __db=/home/sparks/.rvm/config/db
+++ /scripts/functions/db : __rvm_db_()  59 > __key=gem_rubygems-bundler_version
+++ /scripts/functions/db : __rvm_db_()  60 > shift 2
+++ /scripts/functions/db : __rvm_db_()  61 > __value=
+++ /scripts/functions/db : __rvm_db_()  62 > case "${__value}" in
+++ /scripts/functions/db : __rvm_db_()  67 > __rvm_db_get /home/sparks/.rvm/config/db gem_rubygems-bundler_version
+++ /scripts/functions/db : __rvm_db_get()  49 > [[ -f /home/sparks/.rvm/config/db ]]
+++ /scripts/functions/db : __rvm_db_get()  50 > __rvm_grep '^gem_rubygems-bundler_version=' /home/sparks/.rvm/config/db
+++ /scripts/functions/support : __rvm_grep()  233 > GREP_OPTIONS=
+++ /scripts/functions/db : __rvm_db_get()  50 > __rvm_sed -e 's#^gem_rubygems-bundler_version=##' -e '/^$/d'
+++ /scripts/functions/support : __rvm_sed()  251 > sed -e 's#^gem_rubygems-bundler_version=##' -e '/^$/d'
+++ /scripts/functions/support : __rvm_grep()  233 > grep '^gem_rubygems-bundler_version=' /home/sparks/.rvm/config/db
+++ /scripts/functions/support : __rvm_grep()  233 > return 1
++ /scripts/functions/db : __rvm_db()  16 > value=
++ /scripts/functions/db : __rvm_db()  18 > [[ -n '' ]]
++ /scripts/functions/db : __rvm_db()  18 > return 1
++ /scripts/functions/gemset : gem_install()  147 > ((  0 == 0  ))
++ /scripts/functions/gemset : gem_install()  147 > is_gem_installed
++ /scripts/functions/gemset : is_gem_installed()  119 > typeset gem_spec
++ /scripts/functions/gemset : is_gem_installed()  120 > gem_spec='gem '\''rubygems-bundler'\'''
++ /scripts/functions/gemset : is_gem_installed()  122 > [[ -n '' ]]
++ /scripts/functions/gemset : is_gem_installed()  127 > version_check='*([[:digit:]\.])'
++ /scripts/functions/gemset : is_gem_installed()  129 > ls -ld '/home/sparks/.rvm/gems/ruby-2.1.1@global/gems/rubygems-bundler-*([[:digit:]\.])'
++ /scripts/functions/gemset : is_gem_installed()  130 > /home/sparks/.rvm/rubies/ruby-2.1.1/bin/ruby -rrubygems -e 'gem '\''rubygems-bundler'\'''
++ /scripts/functions/gemset : is_gem_installed()  131 > return 1
++ /scripts/functions/gemset : gem_install()  152 > gem_install_force
++ /scripts/functions/gemset : gem_install_force()  159 > typeset __available_gem
++ /scripts/functions/gemset : gem_install_force()  160 > typeset -a install_params
++ /scripts/functions/gemset : gem_install_force()  162 > install_params=()
+++ /scripts/functions/gemset : gem_install_force()  163 > ls -v1 '/home/sparks/.rvm/gem-cache/rubygems-bundler-*([[:digit:]\.]).gem'
+++ /scripts/functions/gemset : gem_install_force()  163 > tail -n 1
++ /scripts/functions/gemset : gem_install_force()  163 > __available_gem=
++ /scripts/functions/gemset : gem_install_force()  165 > [[ -n '' ]]
++ /scripts/functions/gemset : gem_install_force()  167 > [[ -n '' ]]
++ /scripts/functions/gemset : gem_install_force()  171 > install_params+=(--no-ri --no-rdoc $rvm_gem_options)
++ /scripts/functions/gemset : gem_install_force()  174 > __rvm_log_command gem.install.rubygems-bundler 'installing gem rubygems-bundler --no-ri --no-rdoc' gem install rubygems-bundler --no-ri --no-rdoc
++ /scripts/functions/utility_logging : __rvm_log_command()  46 > typeset name message _command_start _command_name
++ /scripts/functions/utility_logging : __rvm_log_command()  47 > typeset -a _command
++ /scripts/functions/utility_logging : __rvm_log_command()  49 > name=gem.install.rubygems-bundler
++ /scripts/functions/utility_logging : __rvm_log_command()  50 > message='installing gem rubygems-bundler --no-ri --no-rdoc'
++ /scripts/functions/utility_logging : __rvm_log_command()  51 > shift 2
++ /scripts/functions/utility_logging : __rvm_log_command()  52 > _command=("$@")
++ /scripts/functions/utility_logging : __rvm_log_command()  53 > _command_start=gem
++ /scripts/functions/utility_logging : __rvm_log_command()  54 > ((  5  ))
++ /scripts/functions/utility_logging : __rvm_log_command()  54 > [[ gem =~ = ]]
++ /scripts/functions/utility_logging : __rvm_log_command()  57 > _command_name=gem
++ /scripts/functions/utility_logging : __rvm_log_command()  59 > [[ ! gem =~ = ]]
++ /scripts/functions/utility_logging : __rvm_log_command()  60 > __function_on_stack __rvm_log_command_internal
++ /scripts/functions/support : __function_on_stack()  394 > __rvm_string_includes '__function_on_stack __rvm_log_command gem_install_force gem_install gemset_import_list __rvm_log_dotted __rvm_log_command_internal __rvm_log_command gemset_import gemset_initial __rvm_with gemset_create __rvm_initial_gemsets_create_without_rubygems __rvm_initial_gemsets_create __rvm_install_source ruby_install __rvm_install_ruby __rvm_manage_rubies source __rvm_run_wrapper __rvm_cli_install_ruby rvm main' __rvm_log_command_internal
++ /scripts/functions/support : __rvm_string_includes()  381 > typeset __search '__text=__function_on_stack __rvm_log_command gem_install_force gem_install gemset_import_list __rvm_log_dotted __rvm_log_command_internal __rvm_log_command gemset_import gemset_initial __rvm_with gemset_create __rvm_initial_gemsets_create_without_rubygems __rvm_initial_gemsets_create __rvm_install_source ruby_install __rvm_install_ruby __rvm_manage_rubies source __rvm_run_wrapper __rvm_cli_install_ruby rvm main'
++ /scripts/functions/support : __rvm_string_includes()  382 > shift
++ /scripts/functions/support : __rvm_string_includes()  383 > for __search in '"$@"'
++ /scripts/functions/support : __rvm_string_includes()  385 > [[  __function_on_stack __rvm_log_command gem_install_force gem_install gemset_import_list __rvm_log_dotted __rvm_log_command_internal __rvm_log_command gemset_import gemset_initial __rvm_with gemset_create __rvm_initial_gemsets_create_without_rubygems __rvm_initial_gemsets_create __rvm_install_source ruby_install __rvm_install_ruby __rvm_manage_rubies source __rvm_run_wrapper __rvm_cli_install_ruby rvm main  =~  __rvm_log_command_internal  ]]
++ /scripts/functions/support : __rvm_string_includes()  386 > return 0
++ /scripts/functions/utility_logging : __rvm_log_command()  61 > __rvm_log_command_simple gem install rubygems-bundler --no-ri --no-rdoc
++ /scripts/functions/utility_logging : __rvm_log_command_simple()  81 > __rvm_log_command_debug
+++ /scripts/functions/utility_logging : __rvm_log_command_debug()  69 > __rvm_date '+%Y-%m-%d %H:%M:%S'
+++ /scripts/functions/support : __rvm_date()  251 > date '+%Y-%m-%d %H:%M:%S'
++ /scripts/functions/utility_logging : __rvm_log_command_debug()  69 > printf %b '[2014-05-01 16:26:14] gem\n'
[2014-05-01 16:26:14] gem
++ /scripts/functions/utility_logging : __rvm_log_command_debug()  70 > is_a_function gem
++ /scripts/functions/support : is_a_function()  5 > typeset -f gem
++ /scripts/functions/support : is_a_function()  5 > return 1
++ /scripts/functions/utility_logging : __rvm_log_command_debug()  73 > printf %b 'current path: /home/sparks/.rvm/src/ruby-2.1.1\n'
current path: /home/sparks/.rvm/src/ruby-2.1.1
++ /scripts/functions/utility_logging : __rvm_log_command_debug()  74 > env
++ /scripts/functions/utility_logging : __rvm_log_command_debug()  74 > grep -E '^GEM_HOME=|^GEM_PATH=|^PATH='
GEM_HOME=/home/sparks/.rvm/gems/ruby-2.1.1@global
PATH=/home/sparks/.rvm/gems/ruby-2.1.1@global/bin:/home/sparks/.rvm/rubies/ruby-2.1.1/bin:/home/sparks/.rvm/bin:/usr/local/sbin:/usr/local/bin:/usr/sbin:/usr/bin:/sbin:/bin:/usr/games:/usr/local/games
GEM_PATH=/home/sparks/.rvm/gems/ruby-2.1.1@global
++ /scripts/functions/utility_logging : __rvm_log_command_debug()  75 > printf %b 'command(5): gem install rubygems-bundler --no-ri --no-rdoc\n'
command(5): gem install rubygems-bundler --no-ri --no-rdoc
++ /scripts/functions/utility_logging : __rvm_log_command_simple()  82 > rvm_log 'installing gem rubygems-bundler --no-ri --no-rdoc'
++ /scripts/functions/logging : rvm_log()  161 > rvm_pretty_print stdout
++ /scripts/functions/logging : rvm_pretty_print()  73 > case "${rvm_pretty_print_flag:=auto}" in
++ /scripts/functions/logging : rvm_pretty_print()  78 > case "${TERM:-dumb}" in
++ /scripts/functions/logging : rvm_pretty_print()  81 > case "$1" in
++ /scripts/functions/logging : rvm_pretty_print()  82 > [[ -t 1 ]]
++ /scripts/functions/logging : rvm_pretty_print()  82 > return 1
++ /scripts/functions/logging : rvm_log()  163 > printf %b 'installing gem rubygems-bundler --no-ri --no-rdoc\n'
installing gem rubygems-bundler --no-ri --no-rdoc
++ /scripts/functions/utility_logging : __rvm_log_command_simple()  83 > gem install rubygems-bundler --no-ri --no-rdoc
Successfully installed bundler-unload-1.0.2
Building native extensions.  This could take a while...
# In case of problems run the following command to update binstubs:
gem regenerate_binstubs
Successfully installed executable-hooks-1.3.1
Successfully installed rubygems-bundler-1.4.3
3 gems installed
++ /scripts/functions/gemset : gem_install()  154 > true
++ /scripts/functions/gemset : gemset_import_list()  228 > for line in '"$@"'
++ /scripts/functions/gemset : gemset_import_list()  229 > gem_install bundler
++ /scripts/functions/gemset : gem_install()  137 > typeset gem_name gem_version version_check
++ /scripts/functions/gemset : gem_install()  139 > gem_version=
++ /scripts/functions/gemset : gem_install()  140 > __rvm_parse_gems_args bundler
++ /scripts/functions/gemset : __rvm_parse_gems_args()  94 > typeset gem=bundler
++ /scripts/functions/gemset : __rvm_parse_gems_args()  96 > __rvm_string_match bundler '*.gem$'
++ /scripts/functions/support : __rvm_string_match()  32 > typeset _string
++ /scripts/functions/support : __rvm_string_match()  33 > _string=bundler
++ /scripts/functions/support : __rvm_string_match()  34 > shift
++ /scripts/functions/support : __rvm_string_match()  35 > ((  1  ))
++ /scripts/functions/support : __rvm_string_match()  37 > case "${_string}" in
++ /scripts/functions/support : __rvm_string_match()  40 > shift
++ /scripts/functions/support : __rvm_string_match()  35 > ((  0  ))
++ /scripts/functions/support : __rvm_string_match()  42 > return 1
++ /scripts/functions/gemset : __rvm_parse_gems_args()  101 > gem_name=bundler
++ /scripts/functions/gemset : __rvm_parse_gems_args()  102 > case "$gem" in
++ /scripts/functions/gemset : gem_install()  142 > [[ -z '' ]]
++ /scripts/functions/gemset : gem_install()  143 > __rvm_db gem_bundler_version gem_version
++ /scripts/functions/db : __rvm_db()  7 > typeset value key variable
++ /scripts/functions/db : __rvm_db()  8 > key=gem_bundler_version
++ /scripts/functions/db : __rvm_db()  9 > key=gem_bundler_version
++ /scripts/functions/db : __rvm_db()  10 > variable=gem_version
++ /scripts/functions/db : __rvm_db()  12 > [[ -f /home/sparks/.rvm/user/db ]]
+++ /scripts/functions/db : __rvm_db()  13 > __rvm_db_ /home/sparks/.rvm/user/db gem_bundler_version
+++ /scripts/functions/db : __rvm_db_()  57 > typeset __db __key __value
+++ /scripts/functions/db : __rvm_db_()  58 > __db=/home/sparks/.rvm/user/db
+++ /scripts/functions/db : __rvm_db_()  59 > __key=gem_bundler_version
+++ /scripts/functions/db : __rvm_db_()  60 > shift 2
+++ /scripts/functions/db : __rvm_db_()  61 > __value=
+++ /scripts/functions/db : __rvm_db_()  62 > case "${__value}" in
+++ /scripts/functions/db : __rvm_db_()  67 > __rvm_db_get /home/sparks/.rvm/user/db gem_bundler_version
+++ /scripts/functions/db : __rvm_db_get()  49 > [[ -f /home/sparks/.rvm/user/db ]]
+++ /scripts/functions/db : __rvm_db_get()  50 > __rvm_grep '^gem_bundler_version=' /home/sparks/.rvm/user/db
+++ /scripts/functions/support : __rvm_grep()  233 > GREP_OPTIONS=
+++ /scripts/functions/db : __rvm_db_get()  50 > __rvm_sed -e 's#^gem_bundler_version=##' -e '/^$/d'
+++ /scripts/functions/support : __rvm_grep()  233 > grep '^gem_bundler_version=' /home/sparks/.rvm/user/db
+++ /scripts/functions/support : __rvm_sed()  251 > sed -e 's#^gem_bundler_version=##' -e '/^$/d'
+++ /scripts/functions/support : __rvm_grep()  233 > return 1
++ /scripts/functions/db : __rvm_db()  13 > value=
++ /scripts/functions/db : __rvm_db()  15 > [[ -z '' ]]
++ /scripts/functions/db : __rvm_db()  15 > [[ -f /home/sparks/.rvm/config/db ]]
+++ /scripts/functions/db : __rvm_db()  16 > __rvm_db_ /home/sparks/.rvm/config/db gem_bundler_version
+++ /scripts/functions/db : __rvm_db_()  57 > typeset __db __key __value
+++ /scripts/functions/db : __rvm_db_()  58 > __db=/home/sparks/.rvm/config/db
+++ /scripts/functions/db : __rvm_db_()  59 > __key=gem_bundler_version
+++ /scripts/functions/db : __rvm_db_()  60 > shift 2
+++ /scripts/functions/db : __rvm_db_()  61 > __value=
+++ /scripts/functions/db : __rvm_db_()  62 > case "${__value}" in
+++ /scripts/functions/db : __rvm_db_()  67 > __rvm_db_get /home/sparks/.rvm/config/db gem_bundler_version
+++ /scripts/functions/db : __rvm_db_get()  49 > [[ -f /home/sparks/.rvm/config/db ]]
+++ /scripts/functions/db : __rvm_db_get()  50 > __rvm_sed -e 's#^gem_bundler_version=##' -e '/^$/d'
+++ /scripts/functions/support : __rvm_sed()  251 > sed -e 's#^gem_bundler_version=##' -e '/^$/d'
+++ /scripts/functions/db : __rvm_db_get()  50 > __rvm_grep '^gem_bundler_version=' /home/sparks/.rvm/config/db
+++ /scripts/functions/support : __rvm_grep()  233 > GREP_OPTIONS=
+++ /scripts/functions/support : __rvm_grep()  233 > grep '^gem_bundler_version=' /home/sparks/.rvm/config/db
+++ /scripts/functions/support : __rvm_grep()  233 > return 1
++ /scripts/functions/db : __rvm_db()  16 > value=
++ /scripts/functions/db : __rvm_db()  18 > [[ -n '' ]]
++ /scripts/functions/db : __rvm_db()  18 > return 1
++ /scripts/functions/gemset : gem_install()  147 > ((  0 == 0  ))
++ /scripts/functions/gemset : gem_install()  147 > is_gem_installed
++ /scripts/functions/gemset : is_gem_installed()  119 > typeset gem_spec
++ /scripts/functions/gemset : is_gem_installed()  120 > gem_spec='gem '\''bundler'\'''
++ /scripts/functions/gemset : is_gem_installed()  122 > [[ -n '' ]]
++ /scripts/functions/gemset : is_gem_installed()  127 > version_check='*([[:digit:]\.])'
++ /scripts/functions/gemset : is_gem_installed()  129 > ls -ld '/home/sparks/.rvm/gems/ruby-2.1.1@global/gems/bundler-*([[:digit:]\.])'
++ /scripts/functions/gemset : is_gem_installed()  130 > /home/sparks/.rvm/rubies/ruby-2.1.1/bin/ruby -rrubygems -e 'gem '\''bundler'\'''
++ /scripts/functions/gemset : is_gem_installed()  131 > return 1
++ /scripts/functions/gemset : gem_install()  152 > gem_install_force
++ /scripts/functions/gemset : gem_install_force()  159 > typeset __available_gem
++ /scripts/functions/gemset : gem_install_force()  160 > typeset -a install_params
++ /scripts/functions/gemset : gem_install_force()  162 > install_params=()
+++ /scripts/functions/gemset : gem_install_force()  163 > ls -v1 '/home/sparks/.rvm/gem-cache/bundler-*([[:digit:]\.]).gem'
+++ /scripts/functions/gemset : gem_install_force()  163 > tail -n 1
++ /scripts/functions/gemset : gem_install_force()  163 > __available_gem=
++ /scripts/functions/gemset : gem_install_force()  165 > [[ -n '' ]]
++ /scripts/functions/gemset : gem_install_force()  167 > [[ -n '' ]]
++ /scripts/functions/gemset : gem_install_force()  171 > install_params+=(--no-ri --no-rdoc $rvm_gem_options)
++ /scripts/functions/gemset : gem_install_force()  174 > __rvm_log_command gem.install.bundler 'installing gem bundler --no-ri --no-rdoc' gem install bundler --no-ri --no-rdoc
++ /scripts/functions/utility_logging : __rvm_log_command()  46 > typeset name message _command_start _command_name
++ /scripts/functions/utility_logging : __rvm_log_command()  47 > typeset -a _command
++ /scripts/functions/utility_logging : __rvm_log_command()  49 > name=gem.install.bundler
++ /scripts/functions/utility_logging : __rvm_log_command()  50 > message='installing gem bundler --no-ri --no-rdoc'
++ /scripts/functions/utility_logging : __rvm_log_command()  51 > shift 2
++ /scripts/functions/utility_logging : __rvm_log_command()  52 > _command=("$@")
++ /scripts/functions/utility_logging : __rvm_log_command()  53 > _command_start=gem
++ /scripts/functions/utility_logging : __rvm_log_command()  54 > ((  5  ))
++ /scripts/functions/utility_logging : __rvm_log_command()  54 > [[ gem =~ = ]]
++ /scripts/functions/utility_logging : __rvm_log_command()  57 > _command_name=gem
++ /scripts/functions/utility_logging : __rvm_log_command()  59 > [[ ! gem =~ = ]]
++ /scripts/functions/utility_logging : __rvm_log_command()  60 > __function_on_stack __rvm_log_command_internal
++ /scripts/functions/support : __function_on_stack()  394 > __rvm_string_includes '__function_on_stack __rvm_log_command gem_install_force gem_install gemset_import_list __rvm_log_dotted __rvm_log_command_internal __rvm_log_command gemset_import gemset_initial __rvm_with gemset_create __rvm_initial_gemsets_create_without_rubygems __rvm_initial_gemsets_create __rvm_install_source ruby_install __rvm_install_ruby __rvm_manage_rubies source __rvm_run_wrapper __rvm_cli_install_ruby rvm main' __rvm_log_command_internal
++ /scripts/functions/support : __rvm_string_includes()  381 > typeset __search '__text=__function_on_stack __rvm_log_command gem_install_force gem_install gemset_import_list __rvm_log_dotted __rvm_log_command_internal __rvm_log_command gemset_import gemset_initial __rvm_with gemset_create __rvm_initial_gemsets_create_without_rubygems __rvm_initial_gemsets_create __rvm_install_source ruby_install __rvm_install_ruby __rvm_manage_rubies source __rvm_run_wrapper __rvm_cli_install_ruby rvm main'
++ /scripts/functions/support : __rvm_string_includes()  382 > shift
++ /scripts/functions/support : __rvm_string_includes()  383 > for __search in '"$@"'
++ /scripts/functions/support : __rvm_string_includes()  385 > [[  __function_on_stack __rvm_log_command gem_install_force gem_install gemset_import_list __rvm_log_dotted __rvm_log_command_internal __rvm_log_command gemset_import gemset_initial __rvm_with gemset_create __rvm_initial_gemsets_create_without_rubygems __rvm_initial_gemsets_create __rvm_install_source ruby_install __rvm_install_ruby __rvm_manage_rubies source __rvm_run_wrapper __rvm_cli_install_ruby rvm main  =~  __rvm_log_command_internal  ]]
++ /scripts/functions/support : __rvm_string_includes()  386 > return 0
++ /scripts/functions/utility_logging : __rvm_log_command()  61 > __rvm_log_command_simple gem install bundler --no-ri --no-rdoc
++ /scripts/functions/utility_logging : __rvm_log_command_simple()  81 > __rvm_log_command_debug
+++ /scripts/functions/utility_logging : __rvm_log_command_debug()  69 > __rvm_date '+%Y-%m-%d %H:%M:%S'
+++ /scripts/functions/support : __rvm_date()  251 > date '+%Y-%m-%d %H:%M:%S'
++ /scripts/functions/utility_logging : __rvm_log_command_debug()  69 > printf %b '[2014-05-01 16:26:40] gem\n'
[2014-05-01 16:26:40] gem
++ /scripts/functions/utility_logging : __rvm_log_command_debug()  70 > is_a_function gem
++ /scripts/functions/support : is_a_function()  5 > typeset -f gem
++ /scripts/functions/support : is_a_function()  5 > return 1
++ /scripts/functions/utility_logging : __rvm_log_command_debug()  73 > printf %b 'current path: /home/sparks/.rvm/src/ruby-2.1.1\n'
current path: /home/sparks/.rvm/src/ruby-2.1.1
++ /scripts/functions/utility_logging : __rvm_log_command_debug()  74 > env
++ /scripts/functions/utility_logging : __rvm_log_command_debug()  74 > grep -E '^GEM_HOME=|^GEM_PATH=|^PATH='
GEM_HOME=/home/sparks/.rvm/gems/ruby-2.1.1@global
PATH=/home/sparks/.rvm/gems/ruby-2.1.1@global/bin:/home/sparks/.rvm/rubies/ruby-2.1.1/bin:/home/sparks/.rvm/bin:/usr/local/sbin:/usr/local/bin:/usr/sbin:/usr/bin:/sbin:/bin:/usr/games:/usr/local/games
GEM_PATH=/home/sparks/.rvm/gems/ruby-2.1.1@global
++ /scripts/functions/utility_logging : __rvm_log_command_debug()  75 > printf %b 'command(5): gem install bundler --no-ri --no-rdoc\n'
command(5): gem install bundler --no-ri --no-rdoc
++ /scripts/functions/utility_logging : __rvm_log_command_simple()  82 > rvm_log 'installing gem bundler --no-ri --no-rdoc'
++ /scripts/functions/logging : rvm_log()  161 > rvm_pretty_print stdout
++ /scripts/functions/logging : rvm_pretty_print()  73 > case "${rvm_pretty_print_flag:=auto}" in
++ /scripts/functions/logging : rvm_pretty_print()  78 > case "${TERM:-dumb}" in
++ /scripts/functions/logging : rvm_pretty_print()  81 > case "$1" in
++ /scripts/functions/logging : rvm_pretty_print()  82 > [[ -t 1 ]]
++ /scripts/functions/logging : rvm_pretty_print()  82 > return 1
++ /scripts/functions/logging : rvm_log()  163 > printf %b 'installing gem bundler --no-ri --no-rdoc\n'
installing gem bundler --no-ri --no-rdoc
++ /scripts/functions/utility_logging : __rvm_log_command_simple()  83 > gem install bundler --no-ri --no-rdoc
Successfully installed bundler-1.6.2
1 gem installed
++ /scripts/functions/gemset : gem_install()  154 > true
++ /scripts/functions/gemset : gemset_import_list()  228 > for line in '"$@"'
++ /scripts/functions/gemset : gemset_import_list()  229 > gem_install rake
++ /scripts/functions/gemset : gem_install()  137 > typeset gem_name gem_version version_check
++ /scripts/functions/gemset : gem_install()  139 > gem_version=
++ /scripts/functions/gemset : gem_install()  140 > __rvm_parse_gems_args rake
++ /scripts/functions/gemset : __rvm_parse_gems_args()  94 > typeset gem=rake
++ /scripts/functions/gemset : __rvm_parse_gems_args()  96 > __rvm_string_match rake '*.gem$'
++ /scripts/functions/support : __rvm_string_match()  32 > typeset _string
++ /scripts/functions/support : __rvm_string_match()  33 > _string=rake
++ /scripts/functions/support : __rvm_string_match()  34 > shift
++ /scripts/functions/support : __rvm_string_match()  35 > ((  1  ))
++ /scripts/functions/support : __rvm_string_match()  37 > case "${_string}" in
++ /scripts/functions/support : __rvm_string_match()  40 > shift
++ /scripts/functions/support : __rvm_string_match()  35 > ((  0  ))
++ /scripts/functions/support : __rvm_string_match()  42 > return 1
++ /scripts/functions/gemset : __rvm_parse_gems_args()  101 > gem_name=rake
++ /scripts/functions/gemset : __rvm_parse_gems_args()  102 > case "$gem" in
++ /scripts/functions/gemset : gem_install()  142 > [[ -z '' ]]
++ /scripts/functions/gemset : gem_install()  143 > __rvm_db gem_rake_version gem_version
++ /scripts/functions/db : __rvm_db()  7 > typeset value key variable
++ /scripts/functions/db : __rvm_db()  8 > key=gem_rake_version
++ /scripts/functions/db : __rvm_db()  9 > key=gem_rake_version
++ /scripts/functions/db : __rvm_db()  10 > variable=gem_version
++ /scripts/functions/db : __rvm_db()  12 > [[ -f /home/sparks/.rvm/user/db ]]
+++ /scripts/functions/db : __rvm_db()  13 > __rvm_db_ /home/sparks/.rvm/user/db gem_rake_version
+++ /scripts/functions/db : __rvm_db_()  57 > typeset __db __key __value
+++ /scripts/functions/db : __rvm_db_()  58 > __db=/home/sparks/.rvm/user/db
+++ /scripts/functions/db : __rvm_db_()  59 > __key=gem_rake_version
+++ /scripts/functions/db : __rvm_db_()  60 > shift 2
+++ /scripts/functions/db : __rvm_db_()  61 > __value=
+++ /scripts/functions/db : __rvm_db_()  62 > case "${__value}" in
+++ /scripts/functions/db : __rvm_db_()  67 > __rvm_db_get /home/sparks/.rvm/user/db gem_rake_version
+++ /scripts/functions/db : __rvm_db_get()  49 > [[ -f /home/sparks/.rvm/user/db ]]
+++ /scripts/functions/db : __rvm_db_get()  50 > __rvm_grep '^gem_rake_version=' /home/sparks/.rvm/user/db
+++ /scripts/functions/support : __rvm_grep()  233 > GREP_OPTIONS=
+++ /scripts/functions/support : __rvm_grep()  233 > grep '^gem_rake_version=' /home/sparks/.rvm/user/db
+++ /scripts/functions/db : __rvm_db_get()  50 > __rvm_sed -e 's#^gem_rake_version=##' -e '/^$/d'
+++ /scripts/functions/support : __rvm_sed()  251 > sed -e 's#^gem_rake_version=##' -e '/^$/d'
+++ /scripts/functions/support : __rvm_grep()  233 > return 1
++ /scripts/functions/db : __rvm_db()  13 > value=
++ /scripts/functions/db : __rvm_db()  15 > [[ -z '' ]]
++ /scripts/functions/db : __rvm_db()  15 > [[ -f /home/sparks/.rvm/config/db ]]
+++ /scripts/functions/db : __rvm_db()  16 > __rvm_db_ /home/sparks/.rvm/config/db gem_rake_version
+++ /scripts/functions/db : __rvm_db_()  57 > typeset __db __key __value
+++ /scripts/functions/db : __rvm_db_()  58 > __db=/home/sparks/.rvm/config/db
+++ /scripts/functions/db : __rvm_db_()  59 > __key=gem_rake_version
+++ /scripts/functions/db : __rvm_db_()  60 > shift 2
+++ /scripts/functions/db : __rvm_db_()  61 > __value=
+++ /scripts/functions/db : __rvm_db_()  62 > case "${__value}" in
+++ /scripts/functions/db : __rvm_db_()  67 > __rvm_db_get /home/sparks/.rvm/config/db gem_rake_version
+++ /scripts/functions/db : __rvm_db_get()  49 > [[ -f /home/sparks/.rvm/config/db ]]
+++ /scripts/functions/db : __rvm_db_get()  50 > __rvm_sed -e 's#^gem_rake_version=##' -e '/^$/d'
+++ /scripts/functions/support : __rvm_sed()  251 > sed -e 's#^gem_rake_version=##' -e '/^$/d'
+++ /scripts/functions/db : __rvm_db_get()  50 > __rvm_grep '^gem_rake_version=' /home/sparks/.rvm/config/db
+++ /scripts/functions/support : __rvm_grep()  233 > GREP_OPTIONS=
+++ /scripts/functions/support : __rvm_grep()  233 > grep '^gem_rake_version=' /home/sparks/.rvm/config/db
+++ /scripts/functions/support : __rvm_grep()  233 > return 1
++ /scripts/functions/db : __rvm_db()  16 > value=
++ /scripts/functions/db : __rvm_db()  18 > [[ -n '' ]]
++ /scripts/functions/db : __rvm_db()  18 > return 1
++ /scripts/functions/gemset : gem_install()  147 > ((  0 == 0  ))
++ /scripts/functions/gemset : gem_install()  147 > is_gem_installed
++ /scripts/functions/gemset : is_gem_installed()  119 > typeset gem_spec
++ /scripts/functions/gemset : is_gem_installed()  120 > gem_spec='gem '\''rake'\'''
++ /scripts/functions/gemset : is_gem_installed()  122 > [[ -n '' ]]
++ /scripts/functions/gemset : is_gem_installed()  127 > version_check='*([[:digit:]\.])'
++ /scripts/functions/gemset : is_gem_installed()  129 > ls -ld /home/sparks/.rvm/gems/ruby-2.1.1@global/gems/rake-10.1.0
++ /scripts/functions/gemset : gem_install()  149 > rvm_log 'gem rake  is already installed'
++ /scripts/functions/logging : rvm_log()  161 > rvm_pretty_print stdout
++ /scripts/functions/logging : rvm_pretty_print()  73 > case "${rvm_pretty_print_flag:=auto}" in
++ /scripts/functions/logging : rvm_pretty_print()  78 > case "${TERM:-dumb}" in
++ /scripts/functions/logging : rvm_pretty_print()  81 > case "$1" in
++ /scripts/functions/logging : rvm_pretty_print()  82 > [[ -t 1 ]]
++ /scripts/functions/logging : rvm_pretty_print()  82 > return 1
++ /scripts/functions/logging : rvm_log()  163 > printf %b 'gem rake  is already installed\n'
gem rake  is already installed
++ /scripts/functions/gemset : gem_install()  150 > return 0
++ /scripts/functions/gemset : gemset_import_list()  228 > for line in '"$@"'
++ /scripts/functions/gemset : gemset_import_list()  229 > gem_install rvm
++ /scripts/functions/gemset : gem_install()  137 > typeset gem_name gem_version version_check
++ /scripts/functions/gemset : gem_install()  139 > gem_version=
++ /scripts/functions/gemset : gem_install()  140 > __rvm_parse_gems_args rvm
++ /scripts/functions/gemset : __rvm_parse_gems_args()  94 > typeset gem=rvm
++ /scripts/functions/gemset : __rvm_parse_gems_args()  96 > __rvm_string_match rvm '*.gem$'
++ /scripts/functions/support : __rvm_string_match()  32 > typeset _string
++ /scripts/functions/support : __rvm_string_match()  33 > _string=rvm
++ /scripts/functions/support : __rvm_string_match()  34 > shift
++ /scripts/functions/support : __rvm_string_match()  35 > ((  1  ))
++ /scripts/functions/support : __rvm_string_match()  37 > case "${_string}" in
++ /scripts/functions/support : __rvm_string_match()  40 > shift
++ /scripts/functions/support : __rvm_string_match()  35 > ((  0  ))
++ /scripts/functions/support : __rvm_string_match()  42 > return 1
++ /scripts/functions/gemset : __rvm_parse_gems_args()  101 > gem_name=rvm
++ /scripts/functions/gemset : __rvm_parse_gems_args()  102 > case "$gem" in
++ /scripts/functions/gemset : gem_install()  142 > [[ -z '' ]]
++ /scripts/functions/gemset : gem_install()  143 > __rvm_db gem_rvm_version gem_version
++ /scripts/functions/db : __rvm_db()  7 > typeset value key variable
++ /scripts/functions/db : __rvm_db()  8 > key=gem_rvm_version
++ /scripts/functions/db : __rvm_db()  9 > key=gem_rvm_version
++ /scripts/functions/db : __rvm_db()  10 > variable=gem_version
++ /scripts/functions/db : __rvm_db()  12 > [[ -f /home/sparks/.rvm/user/db ]]
+++ /scripts/functions/db : __rvm_db()  13 > __rvm_db_ /home/sparks/.rvm/user/db gem_rvm_version
+++ /scripts/functions/db : __rvm_db_()  57 > typeset __db __key __value
+++ /scripts/functions/db : __rvm_db_()  58 > __db=/home/sparks/.rvm/user/db
+++ /scripts/functions/db : __rvm_db_()  59 > __key=gem_rvm_version
+++ /scripts/functions/db : __rvm_db_()  60 > shift 2
+++ /scripts/functions/db : __rvm_db_()  61 > __value=
+++ /scripts/functions/db : __rvm_db_()  62 > case "${__value}" in
+++ /scripts/functions/db : __rvm_db_()  67 > __rvm_db_get /home/sparks/.rvm/user/db gem_rvm_version
+++ /scripts/functions/db : __rvm_db_get()  49 > [[ -f /home/sparks/.rvm/user/db ]]
+++ /scripts/functions/db : __rvm_db_get()  50 > __rvm_sed -e 's#^gem_rvm_version=##' -e '/^$/d'
+++ /scripts/functions/support : __rvm_sed()  251 > sed -e 's#^gem_rvm_version=##' -e '/^$/d'
+++ /scripts/functions/db : __rvm_db_get()  50 > __rvm_grep '^gem_rvm_version=' /home/sparks/.rvm/user/db
+++ /scripts/functions/support : __rvm_grep()  233 > GREP_OPTIONS=
+++ /scripts/functions/support : __rvm_grep()  233 > grep '^gem_rvm_version=' /home/sparks/.rvm/user/db
+++ /scripts/functions/support : __rvm_grep()  233 > return 1
++ /scripts/functions/db : __rvm_db()  13 > value=
++ /scripts/functions/db : __rvm_db()  15 > [[ -z '' ]]
++ /scripts/functions/db : __rvm_db()  15 > [[ -f /home/sparks/.rvm/config/db ]]
+++ /scripts/functions/db : __rvm_db()  16 > __rvm_db_ /home/sparks/.rvm/config/db gem_rvm_version
+++ /scripts/functions/db : __rvm_db_()  57 > typeset __db __key __value
+++ /scripts/functions/db : __rvm_db_()  58 > __db=/home/sparks/.rvm/config/db
+++ /scripts/functions/db : __rvm_db_()  59 > __key=gem_rvm_version
+++ /scripts/functions/db : __rvm_db_()  60 > shift 2
+++ /scripts/functions/db : __rvm_db_()  61 > __value=
+++ /scripts/functions/db : __rvm_db_()  62 > case "${__value}" in
+++ /scripts/functions/db : __rvm_db_()  67 > __rvm_db_get /home/sparks/.rvm/config/db gem_rvm_version
+++ /scripts/functions/db : __rvm_db_get()  49 > [[ -f /home/sparks/.rvm/config/db ]]
+++ /scripts/functions/db : __rvm_db_get()  50 > __rvm_sed -e 's#^gem_rvm_version=##' -e '/^$/d'
+++ /scripts/functions/support : __rvm_sed()  251 > sed -e 's#^gem_rvm_version=##' -e '/^$/d'
+++ /scripts/functions/db : __rvm_db_get()  50 > __rvm_grep '^gem_rvm_version=' /home/sparks/.rvm/config/db
+++ /scripts/functions/support : __rvm_grep()  233 > GREP_OPTIONS=
+++ /scripts/functions/support : __rvm_grep()  233 > grep '^gem_rvm_version=' /home/sparks/.rvm/config/db
+++ /scripts/functions/support : __rvm_grep()  233 > return 1
++ /scripts/functions/db : __rvm_db()  16 > value=
++ /scripts/functions/db : __rvm_db()  18 > [[ -n '' ]]
++ /scripts/functions/db : __rvm_db()  18 > return 1
++ /scripts/functions/gemset : gem_install()  147 > ((  0 == 0  ))
++ /scripts/functions/gemset : gem_install()  147 > is_gem_installed
++ /scripts/functions/gemset : is_gem_installed()  119 > typeset gem_spec
++ /scripts/functions/gemset : is_gem_installed()  120 > gem_spec='gem '\''rvm'\'''
++ /scripts/functions/gemset : is_gem_installed()  122 > [[ -n '' ]]
++ /scripts/functions/gemset : is_gem_installed()  127 > version_check='*([[:digit:]\.])'
++ /scripts/functions/gemset : is_gem_installed()  129 > ls -ld '/home/sparks/.rvm/gems/ruby-2.1.1@global/gems/rvm-*([[:digit:]\.])'
++ /scripts/functions/gemset : is_gem_installed()  130 > /home/sparks/.rvm/rubies/ruby-2.1.1/bin/ruby -rrubygems -e 'gem '\''rvm'\'''
++ /scripts/functions/gemset : is_gem_installed()  131 > return 1
++ /scripts/functions/gemset : gem_install()  152 > gem_install_force
++ /scripts/functions/gemset : gem_install_force()  159 > typeset __available_gem
++ /scripts/functions/gemset : gem_install_force()  160 > typeset -a install_params
++ /scripts/functions/gemset : gem_install_force()  162 > install_params=()
+++ /scripts/functions/gemset : gem_install_force()  163 > ls -v1 /home/sparks/.rvm/gem-cache/rvm-1.11.3.9.gem
+++ /scripts/functions/gemset : gem_install_force()  163 > tail -n 1
++ /scripts/functions/gemset : gem_install_force()  163 > __available_gem=/home/sparks/.rvm/gem-cache/rvm-1.11.3.9.gem
++ /scripts/functions/gemset : gem_install_force()  165 > [[ -n /home/sparks/.rvm/gem-cache/rvm-1.11.3.9.gem ]]
++ /scripts/functions/gemset : gem_install_force()  166 > install_params+=(--local)
++ /scripts/functions/gemset : gem_install_force()  171 > install_params+=(--no-ri --no-rdoc $rvm_gem_options)
++ /scripts/functions/gemset : gem_install_force()  174 > __rvm_log_command gem.install.rvm 'installing gem /home/sparks/.rvm/gem-cache/rvm-1.11.3.9.gem --local --no-ri --no-rdoc' gem install /home/sparks/.rvm/gem-cache/rvm-1.11.3.9.gem --local --no-ri --no-rdoc
++ /scripts/functions/utility_logging : __rvm_log_command()  46 > typeset name message _command_start _command_name
++ /scripts/functions/utility_logging : __rvm_log_command()  47 > typeset -a _command
++ /scripts/functions/utility_logging : __rvm_log_command()  49 > name=gem.install.rvm
++ /scripts/functions/utility_logging : __rvm_log_command()  50 > message='installing gem /home/sparks/.rvm/gem-cache/rvm-1.11.3.9.gem --local --no-ri --no-rdoc'
++ /scripts/functions/utility_logging : __rvm_log_command()  51 > shift 2
++ /scripts/functions/utility_logging : __rvm_log_command()  52 > _command=("$@")
++ /scripts/functions/utility_logging : __rvm_log_command()  53 > _command_start=gem
++ /scripts/functions/utility_logging : __rvm_log_command()  54 > ((  6  ))
++ /scripts/functions/utility_logging : __rvm_log_command()  54 > [[ gem =~ = ]]
++ /scripts/functions/utility_logging : __rvm_log_command()  57 > _command_name=gem
++ /scripts/functions/utility_logging : __rvm_log_command()  59 > [[ ! gem =~ = ]]
++ /scripts/functions/utility_logging : __rvm_log_command()  60 > __function_on_stack __rvm_log_command_internal
++ /scripts/functions/support : __function_on_stack()  394 > __rvm_string_includes '__function_on_stack __rvm_log_command gem_install_force gem_install gemset_import_list __rvm_log_dotted __rvm_log_command_internal __rvm_log_command gemset_import gemset_initial __rvm_with gemset_create __rvm_initial_gemsets_create_without_rubygems __rvm_initial_gemsets_create __rvm_install_source ruby_install __rvm_install_ruby __rvm_manage_rubies source __rvm_run_wrapper __rvm_cli_install_ruby rvm main' __rvm_log_command_internal
++ /scripts/functions/support : __rvm_string_includes()  381 > typeset __search '__text=__function_on_stack __rvm_log_command gem_install_force gem_install gemset_import_list __rvm_log_dotted __rvm_log_command_internal __rvm_log_command gemset_import gemset_initial __rvm_with gemset_create __rvm_initial_gemsets_create_without_rubygems __rvm_initial_gemsets_create __rvm_install_source ruby_install __rvm_install_ruby __rvm_manage_rubies source __rvm_run_wrapper __rvm_cli_install_ruby rvm main'
++ /scripts/functions/support : __rvm_string_includes()  382 > shift
++ /scripts/functions/support : __rvm_string_includes()  383 > for __search in '"$@"'
++ /scripts/functions/support : __rvm_string_includes()  385 > [[  __function_on_stack __rvm_log_command gem_install_force gem_install gemset_import_list __rvm_log_dotted __rvm_log_command_internal __rvm_log_command gemset_import gemset_initial __rvm_with gemset_create __rvm_initial_gemsets_create_without_rubygems __rvm_initial_gemsets_create __rvm_install_source ruby_install __rvm_install_ruby __rvm_manage_rubies source __rvm_run_wrapper __rvm_cli_install_ruby rvm main  =~  __rvm_log_command_internal  ]]
++ /scripts/functions/support : __rvm_string_includes()  386 > return 0
++ /scripts/functions/utility_logging : __rvm_log_command()  61 > __rvm_log_command_simple gem install /home/sparks/.rvm/gem-cache/rvm-1.11.3.9.gem --local --no-ri --no-rdoc
++ /scripts/functions/utility_logging : __rvm_log_command_simple()  81 > __rvm_log_command_debug
+++ /scripts/functions/utility_logging : __rvm_log_command_debug()  69 > __rvm_date '+%Y-%m-%d %H:%M:%S'
+++ /scripts/functions/support : __rvm_date()  251 > date '+%Y-%m-%d %H:%M:%S'
++ /scripts/functions/utility_logging : __rvm_log_command_debug()  69 > printf %b '[2014-05-01 16:26:50] gem\n'
[2014-05-01 16:26:50] gem
++ /scripts/functions/utility_logging : __rvm_log_command_debug()  70 > is_a_function gem
++ /scripts/functions/support : is_a_function()  5 > typeset -f gem
++ /scripts/functions/support : is_a_function()  5 > return 1
++ /scripts/functions/utility_logging : __rvm_log_command_debug()  73 > printf %b 'current path: /home/sparks/.rvm/src/ruby-2.1.1\n'
current path: /home/sparks/.rvm/src/ruby-2.1.1
++ /scripts/functions/utility_logging : __rvm_log_command_debug()  74 > env
++ /scripts/functions/utility_logging : __rvm_log_command_debug()  74 > grep -E '^GEM_HOME=|^GEM_PATH=|^PATH='
GEM_HOME=/home/sparks/.rvm/gems/ruby-2.1.1@global
PATH=/home/sparks/.rvm/gems/ruby-2.1.1@global/bin:/home/sparks/.rvm/rubies/ruby-2.1.1/bin:/home/sparks/.rvm/bin:/usr/local/sbin:/usr/local/bin:/usr/sbin:/usr/bin:/sbin:/bin:/usr/games:/usr/local/games
GEM_PATH=/home/sparks/.rvm/gems/ruby-2.1.1@global
++ /scripts/functions/utility_logging : __rvm_log_command_debug()  75 > printf %b 'command(6): gem install /home/sparks/.rvm/gem-cache/rvm-1.11.3.9.gem --local --no-ri --no-rdoc\n'
command(6): gem install /home/sparks/.rvm/gem-cache/rvm-1.11.3.9.gem --local --no-ri --no-rdoc
++ /scripts/functions/utility_logging : __rvm_log_command_simple()  82 > rvm_log 'installing gem /home/sparks/.rvm/gem-cache/rvm-1.11.3.9.gem --local --no-ri --no-rdoc'
++ /scripts/functions/logging : rvm_log()  161 > rvm_pretty_print stdout
++ /scripts/functions/logging : rvm_pretty_print()  73 > case "${rvm_pretty_print_flag:=auto}" in
++ /scripts/functions/logging : rvm_pretty_print()  78 > case "${TERM:-dumb}" in
++ /scripts/functions/logging : rvm_pretty_print()  81 > case "$1" in
++ /scripts/functions/logging : rvm_pretty_print()  82 > [[ -t 1 ]]
++ /scripts/functions/logging : rvm_pretty_print()  82 > return 1
++ /scripts/functions/logging : rvm_log()  163 > printf %b 'installing gem /home/sparks/.rvm/gem-cache/rvm-1.11.3.9.gem --local --no-ri --no-rdoc\n'
installing gem /home/sparks/.rvm/gem-cache/rvm-1.11.3.9.gem --local --no-ri --no-rdoc
++ /scripts/functions/utility_logging : __rvm_log_command_simple()  83 > gem install /home/sparks/.rvm/gem-cache/rvm-1.11.3.9.gem --local --no-ri --no-rdoc
Successfully installed rvm-1.11.3.9
1 gem installed
++ /scripts/functions/gemset : gem_install()  154 > true
