[2014-05-01 16:26:53] alias_create_exceute
alias_create_exceute () 
{ 
    for _path in "$rvm_rubies_path" "$rvm_environments_path" "$rvm_wrappers_path";
    do
        if [[ -L "$_path/$alias_name" ]]; then
            \rm -fv "$_path/$alias_name" || return $?;
        fi;
        \ln -fsv "$_path/$rvm_ruby_string" "$_path/$alias_name" || return $?;
    done;
    __rvm_db_ "$rvm_path/config/alias" "$alias_name" "$rvm_ruby_string"
}
current path: /home/sparks/.rvm/src/rvm
GEM_HOME=/home/sparks/.rvm/gems/ruby-2.1.1
PATH=/home/sparks/.rvm/gems/ruby-2.1.1/bin:/home/sparks/.rvm/gems/ruby-2.1.1@global/bin:/home/sparks/.rvm/rubies/ruby-2.1.1/bin:/home/sparks/.rvm/bin:/usr/local/sbin:/usr/local/bin:/usr/sbin:/usr/bin:/sbin:/bin:/usr/games:/usr/local/games
GEM_PATH=/home/sparks/.rvm/gems/ruby-2.1.1:/home/sparks/.rvm/gems/ruby-2.1.1@global
command(1): alias_create_exceute
+ /scripts/alias : alias_create_exceute()  27 > for _path in '"$rvm_rubies_path"' '"$rvm_environments_path"' '"$rvm_wrappers_path"'
+ /scripts/alias : alias_create_exceute()  29 > [[ -L /home/sparks/.rvm/rubies/default ]]
+ /scripts/alias : alias_create_exceute()  32 > ln -fsv /home/sparks/.rvm/rubies/ruby-2.1.1 /home/sparks/.rvm/rubies/default
«/home/sparks/.rvm/rubies/default» -> «/home/sparks/.rvm/rubies/ruby-2.1.1»
+ /scripts/alias : alias_create_exceute()  27 > for _path in '"$rvm_rubies_path"' '"$rvm_environments_path"' '"$rvm_wrappers_path"'
+ /scripts/alias : alias_create_exceute()  29 > [[ -L /home/sparks/.rvm/environments/default ]]
+ /scripts/alias : alias_create_exceute()  32 > ln -fsv /home/sparks/.rvm/environments/ruby-2.1.1 /home/sparks/.rvm/environments/default
«/home/sparks/.rvm/environments/default» -> «/home/sparks/.rvm/environments/ruby-2.1.1»
+ /scripts/alias : alias_create_exceute()  27 > for _path in '"$rvm_rubies_path"' '"$rvm_environments_path"' '"$rvm_wrappers_path"'
+ /scripts/alias : alias_create_exceute()  29 > [[ -L /home/sparks/.rvm/wrappers/default ]]
+ /scripts/alias : alias_create_exceute()  32 > ln -fsv /home/sparks/.rvm/wrappers/ruby-2.1.1 /home/sparks/.rvm/wrappers/default
«/home/sparks/.rvm/wrappers/default» -> «/home/sparks/.rvm/wrappers/ruby-2.1.1»
+ /scripts/alias : alias_create_exceute()  35 > __rvm_db_ /home/sparks/.rvm/config/alias default ruby-2.1.1
+ /scripts/functions/db : __rvm_db_()  57 > typeset __db __key __value
+ /scripts/functions/db : __rvm_db_()  58 > __db=/home/sparks/.rvm/config/alias
+ /scripts/functions/db : __rvm_db_()  59 > __key=default
+ /scripts/functions/db : __rvm_db_()  60 > shift 2
+ /scripts/functions/db : __rvm_db_()  61 > __value=ruby-2.1.1
+ /scripts/functions/db : __rvm_db_()  62 > case "${__value}" in
+ /scripts/functions/db : __rvm_db_()  70 > __rvm_db_add /home/sparks/.rvm/config/alias default ruby-2.1.1
+ /scripts/functions/db : __rvm_db_add()  38 > typeset __dir=/home/sparks/.rvm/config
+ /scripts/functions/db : __rvm_db_add()  39 > [[ -f /home/sparks/.rvm/config/alias ]]
+ /scripts/functions/db : __rvm_db_add()  40 > __rvm_db_remove /home/sparks/.rvm/config/alias default
+ /scripts/functions/db : __rvm_db_remove()  29 > [[ -f /home/sparks/.rvm/config/alias ]]
+ /scripts/functions/db : __rvm_db_remove()  31 > __rvm_sed -e 's#^default=.*$##' -e '/^$/d' /home/sparks/.rvm/config/alias
+ /scripts/functions/support : __rvm_sed()  251 > sed -e 's#^default=.*$##' -e '/^$/d' /home/sparks/.rvm/config/alias
+ /scripts/functions/db : __rvm_db_remove()  32 > mv -f /home/sparks/.rvm/config/alias.new /home/sparks/.rvm/config/alias
+ /scripts/functions/db : __rvm_db_add()  44 > printf '%b=%b\n' default ruby-2.1.1
